<?xml version="1.0" encoding="UTF-8"?>
<!-- Generated by org.testng.reporters.JUnitXMLReporter -->
<testsuite hostname="dell" ignored="1" tests="5" failures="0" timestamp="2020-08-04T11:49:05 IST" time="0.912" errors="0">
  <testcase name="m1" time="0.062" classname="GroupingDemo"/>
  <testcase name="m2" time="0.004" classname="GroupingDemo"/>
  <testcase name="m3" time="0.007" classname="GroupingDemo"/>
  <testcase name="m4" time="0.005" classname="GroupingDemo"/>
  <testcase name="m5" time="0.006" classname="GroupingDemo"/>
  <testcase name="m6" time="0.0" classname="GroupingDemo">
    <ignored/>
  </testcase> <!-- m6 -->
</testsuite>
